<?xml version="1.0" encoding="UTF-8"?>
<testsuite name="main.java.test.CellTest" tests="2" skipped="0" failures="0" errors="0" timestamp="2026-03-04T11:01:31" hostname="LAPTOP-THRIV3KI" time="0.023">
  <properties/>
  <testcase name="testCellDead" classname="main.java.test.CellTest" time="0.02"/>
  <testcase name="testCellAlive" classname="main.java.test.CellTest" time="0.002"/>
  <system-out><![CDATA[ConwayLifeTest | setup
ConwayLifeTest | doing dead
ConwayLifeTest | down
ConwayLifeTest | setup
ConwayLifeTest | doing alive
ConwayLifeTest | down
]]></system-out>
  <system-err><![CDATA[]]></system-err>
</testsuite>
